  Game.cpp
D:\SCHOOL\WFFC-Edit-master\WOFFCEdit\Game.cpp(132,43): warning C4244: 'argument': conversion from 'double' to 'float', possible loss of data
D:\SCHOOL\WFFC-Edit-master\WOFFCEdit\Game.cpp(201,23): warning C4267: 'initializing': conversion from 'size_t' to 'int', possible loss of data
D:\SCHOOL\WFFC-Edit-master\WOFFCEdit\Game.cpp(211,57): warning C4244: 'argument': conversion from 'double' to 'float', possible loss of data
D:\SCHOOL\WFFC-Edit-master\WOFFCEdit\Game.cpp(210,57): warning C4244: 'argument': conversion from 'double' to 'float', possible loss of data
D:\SCHOOL\WFFC-Edit-master\WOFFCEdit\Game.cpp(209,97): warning C4244: 'argument': conversion from 'double' to 'float', possible loss of data
D:\SCHOOL\WFFC-Edit-master\WOFFCEdit\Game.cpp(195,10): warning C4101: 'Buffer': unreferenced local variable
D:\SCHOOL\WFFC-Edit-master\WOFFCEdit\Game.cpp(262,84): warning C4244: 'argument': conversion from 'int' to 'float', possible loss of data
D:\SCHOOL\WFFC-Edit-master\WOFFCEdit\Game.cpp(262,60): warning C4244: 'argument': conversion from 'int' to 'float', possible loss of data
D:\SCHOOL\WFFC-Edit-master\WOFFCEdit\Game.cpp(263,83): warning C4244: 'argument': conversion from 'int' to 'float', possible loss of data
D:\SCHOOL\WFFC-Edit-master\WOFFCEdit\Game.cpp(263,59): warning C4244: 'argument': conversion from 'int' to 'float', possible loss of data
D:\SCHOOL\WFFC-Edit-master\WOFFCEdit\Game.cpp(274,55): warning C4244: 'argument': conversion from 'double' to 'float', possible loss of data
D:\SCHOOL\WFFC-Edit-master\WOFFCEdit\Game.cpp(273,153): warning C4244: 'argument': conversion from 'double' to 'float', possible loss of data
D:\SCHOOL\WFFC-Edit-master\WOFFCEdit\Game.cpp(273,104): warning C4244: 'argument': conversion from 'double' to 'float', possible loss of data
D:\SCHOOL\WFFC-Edit-master\WOFFCEdit\Game.cpp(280,117): warning C4244: 'argument': conversion from 'LONG' to 'float', possible loss of data
D:\SCHOOL\WFFC-Edit-master\WOFFCEdit\Game.cpp(280,91): warning C4244: 'argument': conversion from 'LONG' to 'float', possible loss of data
D:\SCHOOL\WFFC-Edit-master\WOFFCEdit\Game.cpp(282,115): warning C4244: 'argument': conversion from 'LONG' to 'float', possible loss of data
D:\SCHOOL\WFFC-Edit-master\WOFFCEdit\Game.cpp(282,89): warning C4244: 'argument': conversion from 'LONG' to 'float', possible loss of data
D:\SCHOOL\WFFC-Edit-master\WOFFCEdit\Game.cpp(502,17): warning C4267: 'initializing': conversion from 'size_t' to 'int', possible loss of data
  Win32SimpleSample.vcxproj -> D:\SCHOOL\WFFC-Edit-master\WOFFCEdit\x64\Debug\WoFEdit.exe
