d:\school\wffc-edit-master\woffcedit\wofedit\x64\debug\vc143.pdb
d:\school\wffc-edit-master\woffcedit\wofedit\x64\debug\vc143.idb
d:\school\wffc-edit-master\woffcedit\wofedit\x64\debug\toolmain.obj
d:\school\wffc-edit-master\woffcedit\wofedit\x64\debug\selectdialogue.obj
d:\school\wffc-edit-master\woffcedit\wofedit\x64\debug\sceneobject.obj
d:\school\wffc-edit-master\woffcedit\wofedit\x64\debug\mfcmain.obj
d:\school\wffc-edit-master\woffcedit\wofedit\x64\debug\pch.obj
d:\school\wffc-edit-master\woffcedit\wofedit\x64\debug\mfcrenderframe.obj
d:\school\wffc-edit-master\woffcedit\wofedit\x64\debug\mfcframe.obj
d:\school\wffc-edit-master\woffcedit\wofedit\x64\debug\main.obj
d:\school\wffc-edit-master\woffcedit\wofedit\x64\debug\game.obj
d:\school\wffc-edit-master\woffcedit\wofedit\x64\debug\displayobject.obj
d:\school\wffc-edit-master\woffcedit\wofedit\x64\debug\displaychunk.obj
d:\school\wffc-edit-master\woffcedit\wofedit\x64\debug\deviceresources.obj
d:\school\wffc-edit-master\woffcedit\wofedit\x64\debug\chunkobject.obj
d:\school\wffc-edit-master\woffcedit\wofedit\x64\debug\sqlite3.obj
d:\school\wffc-edit-master\woffcedit\wofedit\x64\debug\camera.obj
d:\_school\cmp-405-tools-programming\woffcedit\wofedit\x64\debug\vc143.pdb
d:\_school\cmp-405-tools-programming\woffcedit\wofedit\x64\debug\vc143.idb
d:\_school\cmp-405-tools-programming\woffcedit\wofedit\x64\debug\toolmain.obj
d:\_school\cmp-405-tools-programming\woffcedit\wofedit\x64\debug\selectdialogue.obj
d:\_school\cmp-405-tools-programming\woffcedit\wofedit\x64\debug\sceneobject.obj
d:\_school\cmp-405-tools-programming\woffcedit\wofedit\x64\debug\mfcmain.obj
d:\_school\cmp-405-tools-programming\woffcedit\wofedit\x64\debug\pch.obj
d:\_school\cmp-405-tools-programming\woffcedit\wofedit\x64\debug\mfcrenderframe.obj
d:\_school\cmp-405-tools-programming\woffcedit\wofedit\x64\debug\mfcframe.obj
d:\_school\cmp-405-tools-programming\woffcedit\wofedit\x64\debug\main.obj
d:\_school\cmp-405-tools-programming\woffcedit\wofedit\x64\debug\game.obj
d:\_school\cmp-405-tools-programming\woffcedit\wofedit\x64\debug\displayobject.obj
d:\_school\cmp-405-tools-programming\woffcedit\wofedit\x64\debug\displaychunk.obj
d:\_school\cmp-405-tools-programming\woffcedit\wofedit\x64\debug\deviceresources.obj
d:\_school\cmp-405-tools-programming\woffcedit\wofedit\x64\debug\chunkobject.obj
d:\_school\cmp-405-tools-programming\woffcedit\wofedit\x64\debug\camera.obj
d:\_school\cmp-405-tools-programming\woffcedit\wofedit\x64\debug\sqlite3.obj
d:\school\wffc-edit-master\woffcedit\x64\debug\wofedit.exe
d:\school\wffc-edit-master\woffcedit\x64\debug\wofedit.pdb
d:\school\wffc-edit-master\woffcedit\wofedit\x64\debug\win32simplesample.res
d:\_school\cmp-405-tools-programming\woffcedit\wofedit\x64\debug\win32simplesample.res
d:\school\wffc-edit-master\woffcedit\wofedit\x64\debug\wofedit.ilk
d:\_school\cmp-405-tools-programming\woffcedit\x64\debug\wofedit.pdb
d:\_school\cmp-405-tools-programming\woffcedit\wofedit\x64\debug\wofedit.tlog\cl.command.1.tlog
d:\_school\cmp-405-tools-programming\woffcedit\wofedit\x64\debug\wofedit.tlog\cl.items.tlog
d:\_school\cmp-405-tools-programming\woffcedit\wofedit\x64\debug\wofedit.tlog\cl.read.1.tlog
d:\_school\cmp-405-tools-programming\woffcedit\wofedit\x64\debug\wofedit.tlog\cl.write.1.tlog
d:\_school\cmp-405-tools-programming\woffcedit\wofedit\x64\debug\wofedit.tlog\link.command.1.tlog
d:\_school\cmp-405-tools-programming\woffcedit\wofedit\x64\debug\wofedit.tlog\link.read.1.tlog
d:\_school\cmp-405-tools-programming\woffcedit\wofedit\x64\debug\wofedit.tlog\link.secondary.1.tlog
d:\_school\cmp-405-tools-programming\woffcedit\wofedit\x64\debug\wofedit.tlog\link.write.1.tlog
d:\_school\cmp-405-tools-programming\woffcedit\wofedit\x64\debug\wofedit.tlog\rc.command.1.tlog
d:\_school\cmp-405-tools-programming\woffcedit\wofedit\x64\debug\wofedit.tlog\rc.read.1.tlog
d:\_school\cmp-405-tools-programming\woffcedit\wofedit\x64\debug\wofedit.tlog\rc.write.1.tlog
